   1 0000               # File:		$Id$
   2 0000               # Author:	J. Heliotis, (author's version 1.3)
   3 0000               # Contributors:	K. Reek, 
   4 0000               # 		P. White, 
   5 0000               #	        Alexander Kellermann Nieves
   6 0000               # Description:	This program reads a description of a geometric
   7 0000               #		figure from standard input and displays some
   8 0000               #		further information about it. Currently, the
   9 0000               #		program handles two types of figures: blocks
  10 0000               #		(rectangles) and circles.
  11 0000               #
  12 0000               # Purpose:	To demonstrate the implementation of polymorphic
  13 0000               #		subroutine calls
  14 0000               #
  15 0000               # Revisions:	$Log$
  16 0000               #		4/1/04	M. Reek changed to use MIPS linkage conventions
  17 0000               #
  18 0000               # CONSTANTS
  19 0000               #
  20 0000               # syscall codes
  21 0000               PRINT_INT =	1
  22 0000               PRINT_STRING = 	4
  23 0000               READ_INT = 	5
  24 0000               READ_STRING =	8
  25 0000               
  26 0000               # various frame sizes used by different routines
  27 0000               
  28 0000               FRAMESIZE_8 = 	8
  29 0000               FRAMESIZE_24 =	24
  30 0000               FRAMESIZE_40 =	40
  31 0000               FRAMESIZE_48 =	48
  32 0000               
  33 0000               	.data
  34 0000               	.align 2
  35 0000               
  36 0000               	#
  37 0000               	# Memory for allocating up to 100 figures.
  38 0000               	#
  39 0000               next:	
  40 0000 00000004		.word	pool		# ptr into the pool where next free
  41 0004               				# space is located
  42 0004               pool:	
  43 0004 00000000		.space	1200		# room for 100 figures
          00000000
          00000000
          00000000
          00000000
          00000000
  44 04b4               pool_end:			# a marker for the end of the free space
  45 04b4 00000000		.word	0		# used to tell us if we are out of mem
  46 04b8               
  47 04b8               fig_width:
  48 04b8 00000000		.word	0
  49 04bc               fig_height:
  50 04bc 00000000		.word	0
  51 04c0               
  52 04c0               	.align 0
  53 04c0               fig_char:
  54 04c0 30313233		.asciiz	"0123456789"	# I know this isn't a character, but
          34353637
          383900  
  55 04cb               				# SPIMs only has read_string, which 
  56 04cb               				# reads to eol and then null
  57 04cb               				# terminates the string it read in
  58 04cb               
  59 04cb               	#
  60 04cb               	# some constants for the code
  61 04cb               	#
  62 04cb               PI	= 3			# an bad integer approx. to pi, 3.14159...
  63 04cb               
  64 04cb               char_c:	
  65 04cb 43      		.ascii	"C"
  66 04cc               char_b:	
  67 04cc 42      		.ascii	"B"
  68 04cd               
  69 04cd               new_error:
  70 04cd 4F757420		.asciiz	"Out of memory for allocating figures.\n"
          6F66206D
          656D6F72
          7920666F
          7220616C
          6C6F6361
  71 04f4               
  72 04f4               figure_type_error_string:
  73 04f4 496C6C65		.asciiz	"Illegal figure type\n"
          67616C20
          66696775
          72652074
          7970650A
          00      
  74 0509               
  75 0509               circle_string:
  76 0509 43697263		.asciiz	"Circle ("
          6C652028
          00      
  77 0512               
  78 0512               block_string:
  79 0512 426C6F63		.asciiz	"Block ("
          6B202800
  80 051a               
  81 051a               comma_string:
  82 051a 2C00    		.asciiz	","
  83 051c               
  84 051c               area_string:
  85 051c 29202D20		.asciiz	") - area = "
          61726561
          203D2000
  86 0528               
  87 0528               perimeter_string:
  88 0528 3B207065		.asciiz	"; perimeter = "
          72696D65
          74657220
          3D2000  
  89 0537               
  90 0537               new_line:
  91 0537 0A00    		.asciiz	"\n"
  92 0539               
  93 0539               #
  94 0539               # Name:		MAIN PROGRAM
  95 0539               #
  96 0539               # Description:	Main logic for the program.
  97 0539               #
  98 0539               #		The program reads three values from standard input:
  99 0539               #		1) a character representing the type of figure to create
 100 0539               #		2) an integer representing the width of the bounding box
 101 0539               #			of the figure
 102 0539               #		3) an integer representing the height of the bounding box
 103 0539               #			of the figure
 104 0539               #
 105 0539               #		After creating the specified figure object, the program then
 106 0539               #		displays all available information on the object created.
 107 0539               #
 108 0539               
 109 0000               	.text			# this is program code
 110 0000               	.align 2		# instructions must be on word boundaries
 111 0000               	.globl main		# main is a global label
 112 0000               
 113 0000               main:
 114 0000               	# allocate stack frame according to formula & save state
 115 0000               
 116 0000 23BDFFE8		addi 	$sp, $sp,-FRAMESIZE_24   	
 117 0004 AFBF0014		sw 	$ra, -4+FRAMESIZE_24($sp)	
 118 0008 AFB10010		sw 	$s1, -8+FRAMESIZE_24($sp)
 119 000c AFB0000C		sw 	$s0, -12+FRAMESIZE_24($sp)
 120 0010               
 121 0010               	#
 122 0010               	# Read the character representing the figure type
 123 0010               	#
 124 0010               
 125 0010 34020008		li 	$v0, READ_STRING	# read a string	
 126 0014 3C040000		la 	$a0, fig_char	# place to store the char read in
     0018 34840000
 127 001c 20050009		addi	$a1, $zero, 9	# the number of characters to read
 128 0020 0000000C		syscall
 129 0024               
 130 0024               	#
 131 0024               	# Read the width into r1
 132 0024               	#
 133 0024 34020005		li	$v0, READ_INT
 134 0028 0000000C		syscall
 135 002c 00408021		move	$s0, $v0
 136 0030               
 137 0030               	#
 138 0030               	# Read the height into r2
 139 0030               	#
 140 0030 34020005		li	$v0, READ_INT
 141 0034 0000000C		syscall
 142 0038 00408821		move	$s1, $v0
 143 003c               
 144 003c               	#
 145 003c               	# Do the output
 146 003c               	#
 147 003c 02002021		move	$a0, $s0
 148 0040 02202821		move	$a1, $s1
 149 0044 0C000070		jal	output_figures
 150 0048               
 151 0048               #
 152 0048               # All done -- exit the program!
 153 0048               #
 154 0048 8FBF0014		lw 	$ra, -4+FRAMESIZE_24($sp)	
 155 004c 8FB10010		lw 	$s1, -8+FRAMESIZE_24($sp)
 156 0050 8FB0000C		lw 	$s0, -12+FRAMESIZE_24($sp)
 157 0054               
 158 0054 23BD0018		addi 	$sp, $sp, FRAMESIZE_24   	
 159 0058 03E00008		jr 	$ra		# return from main and exit spim
 160 005c               	
 161 005c               
 162 005c               # ***********************************************************************
 163 005c               # *                                                                     *
 164 005c               # * THIS IS THE START OF EXPERIMENT-SPECIFIC CODE                       *
 165 005c               # *                                                                     *
 166 005c               # ***********************************************************************
 167 005c               
 168 005c               # Name:		Constants to keep in mind while working with figures
 169 005c               #
 170 005c               
 171 005c               # A Figure contains three words 
 172 005c               #		address of virtual function table at offset 0 in fig object
 173 005c               #		figure width 	at offset 4 in fig object
 174 005c               #		figure height 	at offset 8 in fig object
 175 005c               # Making the figures size as 12 bytes
 176 005c               
 177 005c               # A Figure virtual function table contains two function addresses (words):
 178 005c               #		addr area function 	at offset 0 in vtable
 179 005c               #		addr perimeter function	at offset 4 in vtable
 180 005c               #
 181 005c               
 182 005c               #
 183 005c               # Name:		new_figure
 184 005c               #
 185 005c               # Description:	Allocate space for a new figure from the pool of
 186 005c               #		available space. Luckily, both subclasses of FIGURE
 187 005c               #		take up the same amount of space.
 188 005c               #
 189 005c               # Arguments:	None.
 190 005c               # Returns:	v0: the address of the newly allocated figure.
 191 005c               #
 192 005c               
 193 005c               new_figure:
 194 005c               	#
 195 005c               	# See if there is any space left in the pool.
 196 005c               	#
 197 005c               
 198 005c 3C010000		lw	$t0, next
     0060 8C280000
 199 0064 3C090000		la	$t1, pool_end
     0068 35290000
 200 006c               
 201 006c 0109502A		slt	$t2, $t0, $t1	# Compare next addr to end of pool
 202 0070 15400006		bne	$t2, $zero, new_figure_ok	#  if less, still have space
 203 0074               
 204 0074               	#
 205 0074               	# No space left; write error message and exit.
 206 0074               	#
 207 0074               
 208 0074 34020004		li 	$v0, PRINT_STRING	# print error message
 209 0078 3C040000		la 	$a0, new_error
     007c 34840000
 210 0080 0000000C		syscall	
 211 0084               
 212 0084 3402000A		li 	$v0, 10		# terminate program
 213 0088 0000000C		syscall	
 214 008c               
 215 008c               new_figure_ok:
 216 008c               	#
 217 008c               	# There is space available.  Allocate the next figure, and
 218 008c               	# initialize all of its fields.
 219 008c               	#
 220 008c               
 221 008c 01001021		move	$v0, $t0	# set up to return spot for new figure
 222 0090 2108000C		addi	$t0, $t0, 12	# Adjust pointer to next figure
 223 0094 3C010000		sw	$t0, next
     0098 AC280000
 224 009c               
 225 009c               	#
 226 009c               	# Clear all fields.
 227 009c               	#
 228 009c               
 229 009c AC400000		sw	$zero, 0($v0)
 230 00a0 AC400004		sw	$zero, 4($v0)
 231 00a4 AC400008		sw	$zero, 8($v0)
 232 00a8               
 233 00a8 03E00008		jr	$ra
 234 00ac               
 235 00ac               
 236 00ac               #
 237 00ac               # Name:		figure_make
 238 00ac               #
 239 00ac               # Description:	Initialize the components of the figure object.
 240 00ac               #		Since FIGURE is an abstract class, it is expected that
 241 00ac               #		the creation subroutines for child classes will call this
 242 00ac               #		subroutine.
 243 00ac               #
 244 00ac               # Arguments:	a0 contains the height of the figure's bounding box
 245 00ac               #		a1 contains the width of the figure's bounding box
 246 00ac               #		a2 contains the address of the figure object
 247 00ac               #
 248 00ac               figure_make:
 249 00ac               
 250 00ac ACC50004		sw 	$a1, 4($a2)	# store the width in the fig object
 251 00b0 ACC40008		sw 	$a0, 8($a2)	# store the height in the fig object
 252 00b4               
 253 00b4 03E00008		jr	$ra
 254 00b8               
 255 00b8               # CODE FOR FIGURE SUBCLASS BLOCK
 256 00b8               
 257 00b8               #***** BEGIN STUDENT CODE BLOCK 1 ********************************
 258 00b8               #
 259 00b8               # Using the circle code below as your guide, write everything
 260 00b8               # necessary to implement the FIGURE child class called BLOCK.
 261 00b8               # This involves defining BLOCK's virtual function table, its
 262 00b8               # creation routine, block_make, and its two virtual (polymorphic)
 263 00b8               # functions, block_area and block_perimeter.
 264 00b8               #
 265 00b8               
 266 0539                       .data 
 267 0539 000000  	        .align 2
 268 053c               
 269 053c               block_vtb1:
 270 053c 00000000	        .word   block_area
 271 0540 00000000	        .word   block_perimeter
 272 0544               
 273 00b8                       .text
 274 00b8               
 275 00b8               block_make:
 276 00b8 23BDFFF8	        addi    $sp, $sp, -FRAMESIZE_8
 277 00bc AFBF0004	        sw      $ra, -4+FRAMESIZE_8($sp)
 278 00c0               
 279 00c0 3C090000	        la      $t1, block_vtb1         # get blocks vtable pointer
     00c4 35290000
 280 00c8 ACC90000	        sw      $t1, 0($a2)
 281 00cc               
 282 00cc 0C00002B	        jal     figure_make
 283 00d0               
 284 00d0 8FBF0004	        lw      $ra, -4+FRAMESIZE_8($sp) # return the return address
 285 00d4 23BD0008	        addi    $sp, $sp, FRAMESIZE_8
 286 00d8 03E00008	        jr      $ra
 287 00dc               
 288 00dc               block_area:
 289 00dc                       # This routine is entirely stolen from the circle's routine. Saving the
 290 00dc                       # return address register is unnecessary, but I kept it just in case I
 291 00dc                       # need to revist this function and use it.
 292 00dc                       #  Arguments:   a0 contains the address of the figure object
 293 00dc                       #
 294 00dc                       # Returns: v0 will contain the area of the block
 295 00dc               
 296 00dc 23BDFFF8	        addi    $sp, $sp, -FRAMESIZE_8
 297 00e0 AFBF0004	        sw      $ra, -4+FRAMESIZE_8($sp)
 298 00e4               
 299 00e4                       # This is where the PI is in the other function but we don't need that
 300 00e4                       # in our functoin
 301 00e4 8C880004	        lw      $t0, 4($a0)     # Get the width
 302 00e8 8C890008	        lw      $t1, 8($a0)     # Get the height
 303 00ec               
 304 00ec 01090018	        mul     $v0, $t0, $t1   # Multiply width times height put result in v0
     00f0 00001012
 305 00f4               
 306 00f4 8FBF0004	        lw      $ra, -4+FRAMESIZE_8($sp)
 307 00f8 23BD0008	        addi    $sp, $sp, FRAMESIZE_8
 308 00fc 03E00008	        jr      $ra
 309 0100               
 310 0100               block_perimeter:
 311 0100                       # Easy maths on this one. Just do two simple add additions. (or if one
 312 0100                       # prefers, one could perform 2 multiplications) and then a third to
 313 0100                       # combine. Return that
 314 0100                       # Arguments:    a0 contains the address of the figure object
 315 0100                       #
 316 0100                       # returns:      v0 contains the perimeter
 317 0100 8C880004	        lw      $t0, 4($a0)     # Get the width
 318 0104 8C890008	        lw      $t1, 8($a0)     # Get the height
 319 0108                       
 320 0108                       # I duplicate t0 just because I'm worried of what MIPS might do  
 321 0108 01005021	        move    $t2, $t0        # Probably unnecessary
 322 010c 01484020	        add     $t0, $t2, $t0   # t0 = t0 + t0
 323 0110 01205021	        move    $t2, $t1        # Probably unnecessary
 324 0114 01494820	        add     $t1, $t2, $t1   # t1 = t1 + t1
 325 0118                       
 326 0118 01281020	        add     $v0, $t1, $t0   # This boils down to v0 = 2(t1) + 2(t0)
 327 011c               
 328 011c 03E00008	        jr      $ra
 329 0120                       
 330 0120               #***** END STUDENT CODE BLOCK 1 **********************************
 331 0120               
 332 0120               # CODE FOR FIGURE SUBCLASS CIRCLE
 333 0120               
 334 0120               #************************************
 335 0544               	.data
 336 0544               	.align	2
 337 0544               
 338 0544               circle_vtbl:
 339 0544 00000000		.word	circle_area
 340 0548 00000000		.word	circle_perimeter
 341 054c               
 342 0120               	.text
 343 0120               #************************************
 344 0120               #
 345 0120               # Name:		circle_make
 346 0120               #
 347 0120               # Description:	Initialize the components of the circle object
 348 0120               #		All this subroutine does is set the virtual function
 349 0120               #		table, then call figure_make.
 350 0120               #
 351 0120               # Arguments:	a0 contains the height of the figure's bounding box
 352 0120               #		a1 contains the width of the figure's bounding box
 353 0120               #		a2 contains the address of the figure object
 354 0120               #
 355 0120               
 356 0120               circle_make:
 357 0120 23BDFFF8		addi 	$sp, $sp,-FRAMESIZE_8
 358 0124 AFBF0004		sw 	$ra, -4+FRAMESIZE_8($sp)
 359 0128               
 360 0128 3C090000		la	$t1, circle_vtbl	# get circle's vtable pointer
     012c 35290000
 361 0130 ACC90000		sw	$t1, 0($a2)	# put circle's vtable pointer into this fig
 362 0134               				# object
 363 0134 0C00002B		jal	figure_make
 364 0138               
 365 0138 8FBF0004		lw 	$ra, -4+FRAMESIZE_8($sp)  # get ra off stack, and restore
 366 013c 23BD0008		addi 	$sp, $sp, FRAMESIZE_8
 367 0140 03E00008		jr	$ra
 368 0144               
 369 0144               #
 370 0144               # Name:		circle_area
 371 0144               #
 372 0144               # Description:	Compute the area of the circle figure
 373 0144               #
 374 0144               # Arguments:	a0 contains the address of the figure object
 375 0144               #
 376 0144               # Returns:	v0 contains the area
 377 0144               #
 378 0144               circle_area:
 379 0144 23BDFFF8		addi 	$sp, $sp,-FRAMESIZE_8
 380 0148 AFBF0004		sw 	$ra, -4+FRAMESIZE_8($sp)
 381 014c               
 382 014c 34190003		li	$t9, PI		# get our int approx. for PI = 3
 383 0150               
 384 0150 0C000068		jal	circle_diameter	# get my diameter in v0
 385 0154               	
 386 0154 34010002		div	$t0, $v0, 2	# t0 = radius
     0158 0041001A
     015c 00004012
 387 0160 01080018		mul	$t1, $t0, $t0	# t1 = radius squared
     0164 00004812
 388 0168 01390018		mul	$v0, $t1, $t9	# v0 = PI * radius squared
     016c 00001012
 389 0170               
 390 0170 8FBF0004		lw 	$ra, -4+FRAMESIZE_8($sp)	# restore ra from stack
 391 0174 23BD0008		addi 	$sp, $sp, FRAMESIZE_8
 392 0178 03E00008		jr	$ra
 393 017c               
 394 017c               #
 395 017c               # Name:		circle_perimeter
 396 017c               #
 397 017c               # Description:	Compute the perimeter of the circle figure
 398 017c               #
 399 017c               # Arguments:	a0 contains the address of the figure object
 400 017c               #
 401 017c               # Returns:	v0 contains the perimeter
 402 017c               #
 403 017c               circle_perimeter:
 404 017c 23BDFFF8		addi 	$sp, $sp,-FRAMESIZE_8
 405 0180 AFBF0004		sw 	$ra, -4+FRAMESIZE_8($sp)
 406 0184               
 407 0184 34190003		li	$t9, PI		# get our int approx. for PI = 3
 408 0188               
 409 0188 0C000068		jal	circle_diameter	# get my diameter in v0
 410 018c               	
 411 018c 00590018		mul	$v0, $v0, $t9	# v0 = PI * diameter
     0190 00001012
 412 0194               
 413 0194 8FBF0004		lw 	$ra, -4+FRAMESIZE_8($sp)	# restore ra from stack
 414 0198 23BD0008		addi 	$sp, $sp, FRAMESIZE_8
 415 019c 03E00008		jr	$ra
 416 01a0               
 417 01a0               #
 418 01a0               # Name:		circle_diameter
 419 01a0               #
 420 01a0               # Description:	Compute the diameter of the circle figure
 421 01a0               #
 422 01a0               # Arguments:	a0 contains the address of the figure object
 423 01a0               #
 424 01a0               # Returns:	v0 contains the diameter
 425 01a0               #
 426 01a0               circle_diameter:
 427 01a0 8C880004		lw	$t0, 4($a0)	# get fig's width
 428 01a4 8C890008		lw	$t1, 8($a0)	# get fig's height
 429 01a8               
 430 01a8 0109502A		slt	$t2, $t0, $t1	# see if width < height
 431 01ac 11400002		beq	$t2, $zero, cd_height_bigger
 432 01b0               
 433 01b0 01001021		move	$v0, $t0	# width is smaller
 434 01b4 03E00008		jr	$ra
 435 01b8               
 436 01b8               cd_height_bigger:
 437 01b8 01201021		move	$v0, $t1	# height is smaller
 438 01bc 03E00008		jr	$ra
 439 01c0               
 440 01c0               #
 441 01c0               # Name:		output_figures
 442 01c0               #
 443 01c0               # Description:	Given the paramters for a figure, make one and print out
 444 01c0               #		its attributes.
 445 01c0               #
 446 01c0               # Arguments:	fig_char: Character representing figure type
 447 01c0               #		a0: width
 448 01c0               #		a1: height
 449 01c0               #
 450 01c0               #
 451 01c0               output_figures:
 452 01c0 23BDFFD0		addi	$sp, $sp,-FRAMESIZE_48
 453 01c4 AFBF002C		sw	$ra, -4+FRAMESIZE_48($sp)
 454 01c8 AFB70028		sw	$s7, -8+FRAMESIZE_48($sp)
 455 01cc AFB60024		sw	$s6, -12+FRAMESIZE_48($sp)
 456 01d0 AFB50020		sw	$s5, -16+FRAMESIZE_48($sp)
 457 01d4 AFB4001C		sw	$s4, -20+FRAMESIZE_48($sp)
 458 01d8 AFB30018		sw	$s3, -24+FRAMESIZE_48($sp)
 459 01dc AFB20014		sw	$s2, -28+FRAMESIZE_48($sp)
 460 01e0 AFB10010		sw	$s1, -32+FRAMESIZE_48($sp)
 461 01e4 AFB0000C		sw	$s0, -36+FRAMESIZE_48($sp)
 462 01e8               
 463 01e8 00809821		move	$s3, $a0	# s3 will be the width
 464 01ec 00A0A021		move	$s4, $a1	# s4 will be the height
 465 01f0               
 466 01f0 0C000017		jal	new_figure	# create a new figure
 467 01f4 00408821		move	$s1, $v0	# save the pointer to the fig object
 468 01f8               
 469 01f8               	#
 470 01f8               	# Now, see which one we should make
 471 01f8               	#
 472 01f8               
 473 01f8 3C010000		lbu	$s6, char_c	# get our characters for comparison
     01fc 90360000
 474 0200 3C010000		lbu	$s7, char_b
     0204 90370000
 475 0208               
 476 0208 3C010000		lbu	$s5, fig_char	# get the type of fig to create
     020c 90350000
 477 0210               
 478 0210 16B6000B		bne	$s5, $s6, not_circle  # see if creating a circle
 479 0214               	#
 480 0214               	# Set up the arguments to the circle_make call
 481 0214               	# 	a0 contains the height of the figure's bounding box
 482 0214               	# 	a1 contains the width of the figure's bounding box
 483 0214               	#	a2 contains the address of the figure object
 484 0214               	#
 485 0214 02802021		move	$a0, $s4		# s4 was the height
 486 0218 02602821		move	$a1, $s3		# s3 was the width
 487 021c 02203021		move	$a2, $s1		# s1 was the location of new fig object
 488 0220 0C000048		jal	circle_make
 489 0224               
 490 0224               
 491 0224               	#
 492 0224               	# Print "Circle ("
 493 0224               	#
 494 0224               
 495 0224 34020004		li 	$v0, PRINT_STRING	# print a "Circle ("
 496 0228 3C040000		la 	$a0, circle_string
     022c 34840000
 497 0230 0000000C		syscall	
 498 0234               
 499 0234 02202021		move	$a0, $s1		# send the pointer to the fig object
 500 0238               				# as the arg. to print_rest
 501 0238 0C0000AB		jal	print_rest	# print rest of info of the fig
 502 023c 080000A0		j 	done_output
 503 0240               
 504 0240               
 505 0240               not_circle:
 506 0240 16B7000B		bne	$s5, $s7, not_anything  # see if creating a block
 507 0244               	#
 508 0244               	# Set up the arguments to the block_make call
 509 0244               	# 	a0 contains the height of the figure's bounding box
 510 0244               	# 	a1 contains the width of the figure's bounding box
 511 0244               	#	a2 contains the address of the figure object
 512 0244               	#
 513 0244 02802021		move	$a0, $s4		# s4 was the height
 514 0248 02602821		move	$a1, $s3		# s3 was the width
 515 024c 02203021		move	$a2, $s1		# s1 was the location of new fig object
 516 0250 0C00002E		jal	block_make
 517 0254               
 518 0254               
 519 0254               	#
 520 0254               	# Print "Block ("
 521 0254               	#
 522 0254               
 523 0254 34020004		li 	$v0, PRINT_STRING	# print a "Block ("
 524 0258 3C040000		la 	$a0, block_string
     025c 34840000
 525 0260 0000000C		syscall	
 526 0264               
 527 0264 02202021		move	$a0, $s1		# send the pointer to the fig object
 528 0268               				# as the arg. to print_rest
 529 0268 0C0000AB		jal	print_rest	# print rest of info of the fig
 530 026c 080000A0		j 	done_output
 531 0270               
 532 0270               not_anything:
 533 0270               	#
 534 0270               	# Print error message
 535 0270               	#
 536 0270               
 537 0270 34020004		li 	$v0, PRINT_STRING
 538 0274 3C040000		la 	$a0, figure_type_error_string
     0278 34840000
 539 027c 0000000C		syscall	
 540 0280               
 541 0280               	#
 542 0280               	# exit
 543 0280               	#
 544 0280               
 545 0280               done_output:
 546 0280 8FBF002C		lw	$ra, -4+FRAMESIZE_48($sp)
 547 0284 8FB70028		lw	$s7, -8+FRAMESIZE_48($sp)
 548 0288 8FB60024		lw	$s6, -12+FRAMESIZE_48($sp)
 549 028c 8FB50020		lw	$s5, -16+FRAMESIZE_48($sp)
 550 0290 8FB4001C		lw	$s4, -20+FRAMESIZE_48($sp)
 551 0294 8FB30018		lw	$s3, -24+FRAMESIZE_48($sp)
 552 0298 8FB20014		lw	$s2, -28+FRAMESIZE_48($sp)
 553 029c 8FB10010		lw	$s1, -32+FRAMESIZE_48($sp)
 554 02a0 8FB0000C		lw	$s0, -36+FRAMESIZE_48($sp)
 555 02a4 23BD0030		addi	$sp, $sp, FRAMESIZE_48
 556 02a8               
 557 02a8 03E00008		jr	$ra
 558 02ac               
 559 02ac               #
 560 02ac               # Name:		print_rest
 561 02ac               #
 562 02ac               # Description:	prints out the information about a figure
 563 02ac               #
 564 02ac               # Arguments:	a0: contains the address of the figure object
 565 02ac               #
 566 02ac               
 567 02ac               print_rest:
 568 02ac               	#
 569 02ac               	# Save all the S registers & ra
 570 02ac               	#
 571 02ac 23BDFFD8		addi	$sp, $sp,-FRAMESIZE_40
 572 02b0 AFBF0024		sw	$ra, -4+FRAMESIZE_40($sp)
 573 02b4 AFB70020		sw	$s7, -8+FRAMESIZE_40($sp)
 574 02b8 AFB6001C		sw	$s6, -12+FRAMESIZE_40($sp)
 575 02bc AFB50018		sw	$s5, -16+FRAMESIZE_40($sp)
 576 02c0 AFB40014		sw	$s4, -20+FRAMESIZE_40($sp)
 577 02c4 AFB30010		sw	$s3, -24+FRAMESIZE_40($sp)
 578 02c8 AFB2000C		sw	$s2, -28+FRAMESIZE_40($sp)
 579 02cc AFB10008		sw	$s1, -32+FRAMESIZE_40($sp)
 580 02d0 AFB00004		sw	$s0, -36+FRAMESIZE_40($sp)
 581 02d4               
 582 02d4 00808021		move	$s0, $a0	# s0 will be your pointer to figure
 583 02d8               				# since a0 is needed by the syscalls
 584 02d8               
 585 02d8               #***** BEGIN STUDENT CODE BLOCK 2 ********************************
 586 02d8               #
 587 02d8               # Print the figure's width using PRINT_INT. At this point, s0 contains
 588 02d8               # the address of the figure object, and shouldn't be changed.
 589 02d8               #
 590 02d8               # Note that this does not involve any polymorphic functions.
 591 02d8               #
 592 02d8                       
 593 02d8               # Remember s0 is the address. So we need to print it's width
 594 02d8               
 595 02d8 8E040004	        lw      $a0, 4($s0)
 596 02dc 34020001	        li      $v0, PRINT_INT
 597 02e0 0000000C	        syscall
 598 02e4               #***** END STUDENT CODE BLOCK 2 **********************************
 599 02e4               
 600 02e4 34020004		li 	$v0, PRINT_STRING	# print ','
 601 02e8 3C040000		la 	$a0, comma_string
     02ec 34840000
 602 02f0 0000000C		syscall
 603 02f4               
 604 02f4               #***** BEGIN STUDENT CODE BLOCK 3 ********************************
 605 02f4               #
 606 02f4               # Print the figure's height using PRINT_INT. At this point, s0 contains
 607 02f4               # the address of the figure object, and shouldn't be changed.
 608 02f4               #
 609 02f4               # Note that this does not involve any polymorphic functions.
 610 02f4               #
 611 02f4 8E040008	        lw      $a0, 8($s0)
 612 02f8 34020001	        li      $v0, PRINT_INT
 613 02fc 0000000C	        syscall
 614 0300                       
 615 0300               #***** END STUDENT CODE BLOCK 3 **********************************
 616 0300               	
 617 0300 34020004		li 	$v0, PRINT_STRING 	# print ') - area = '
 618 0304 3C040000		la 	$a0, area_string
     0308 34840000
 619 030c 0000000C		syscall
 620 0310               
 621 0310               #***** BEGIN STUDENT CODE BLOCK 4 ********************************
 622 0310               #
 623 0310               # Print the figure's area using PRINT_INT. At this point, s0 contains
 624 0310               # the address of the figure object, and shouldn't be changed.
 625 0310               #
 626 0310               
 627 0310               # First we want to know if it's a Circle or a block
 628 0310 3C0A0000	        la      $t2, fig_char
     0314 354A0000
 629 0318 3C090000	        la      $t1, char_b
     031c 35290000
 630 0320 814F0000	        lb      $t7, 0($t2)
 631 0324 812E0000	        lb      $t6, 0($t1)
 632 0328 11EE0005	        beq     $t7, $t6, do_block_stuff
 633 032c 080000CC	        j       do_circle_stuff
 634 0330               
 635 0330               do_circle_stuff:
 636 0330 02002021	        move    $a0, $s0
 637 0334 0C000051	        jal     circle_area
 638 0338 00402021	        move    $a0, $v0 
 639 033c 080000D4	        j       finish_stuff
 640 0340               
 641 0340               do_block_stuff:
 642 0340 02002021	        move    $a0, $s0
 643 0344 0C000037	        jal     block_area
 644 0348 00402021	        move    $a0, $v0 
 645 034c 080000D4	        j       finish_stuff
 646 0350               
 647 0350               finish_stuff:
 648 0350 34020001	        li      $v0, PRINT_INT
 649 0354 0000000C	        syscall
 650 0358               
 651 0358               #***** END STUDENT CODE BLOCK 4 **********************************
 652 0358               	
 653 0358 34020004		li 	$v0, PRINT_STRING	# print '; perimeter = '
 654 035c 3C040000		la 	$a0, perimeter_string
     0360 34840000
 655 0364 0000000C		syscall
 656 0368               
 657 0368               #***** BEGIN STUDENT CODE BLOCK 5 ********************************
 658 0368               #
 659 0368               # Print the figure's perimeter using PRINT_INT. At this point, s0
 660 0368               # contains the address of the figure object, and shouldn't be changed.
 661 0368               #
 662 0368               
 663 0368               # First we want to know if it's a Circle or a block
 664 0368 3C0A0000	        la      $t2, fig_char
     036c 354A0000
 665 0370 3C090000	        la      $t1, char_b
     0374 35290000
 666 0378 814F0000	        lb      $t7, 0($t2)
 667 037c 812E0000	        lb      $t6, 0($t1)
 668 0380 11EE0005	        beq     $t7, $t6, do_block_stuff_perim
 669 0384 080000E2	        j       do_circle_stuff_perim
 670 0388               
 671 0388               do_circle_stuff_perim:
 672 0388 02002021	        move    $a0, $s0
 673 038c 0C00005F	        jal     circle_perimeter
 674 0390 00402021	        move    $a0, $v0 
 675 0394 080000EA	        j       finish_stuff_perim
 676 0398               
 677 0398               do_block_stuff_perim:
 678 0398 02002021	        move    $a0, $s0
 679 039c 0C000040	        jal     block_perimeter
 680 03a0 00402021	        move    $a0, $v0
 681 03a4 080000EA	        j       finish_stuff_perim
 682 03a8               
 683 03a8               finish_stuff_perim:
 684 03a8 34020001	        li      $v0, PRINT_INT
 685 03ac 0000000C	        syscall
 686 03b0               #***** END STUDENT CODE BLOCK 5 **********************************
 687 03b0               
 688 03b0               	
 689 03b0 34020004		li 	$v0, PRINT_STRING	# print newline
 690 03b4 3C040000		la 	$a0, new_line
     03b8 34840000
 691 03bc 0000000C		syscall
 692 03c0               
 693 03c0               	#
 694 03c0               	# Restore all the S registers
 695 03c0               	#
 696 03c0 8FBF0024		lw	$ra, -4+FRAMESIZE_40($sp)
 697 03c4 8FB70020		lw	$s7, -8+FRAMESIZE_40($sp)
 698 03c8 8FB6001C		lw	$s6, -12+FRAMESIZE_40($sp)
 699 03cc 8FB50018		lw	$s5, -16+FRAMESIZE_40($sp)
 700 03d0 8FB40014		lw	$s4, -20+FRAMESIZE_40($sp)
 701 03d4 8FB30010		lw	$s3, -24+FRAMESIZE_40($sp)
 702 03d8 8FB2000C		lw	$s2, -28+FRAMESIZE_40($sp)
 703 03dc 8FB10008		lw	$s1, -32+FRAMESIZE_40($sp)
 704 03e0 8FB00004		lw	$s0, -36+FRAMESIZE_40($sp)
 705 03e4 23BD0028		addi	$sp, $sp, FRAMESIZE_40
 706 03e8               
 707 03e8 03E00008		jr	$ra


FRAMESIZE_24              = 00000018   
FRAMESIZE_40              = 00000028   
FRAMESIZE_48              = 00000030   
FRAMESIZE_8               = 00000008   
PI                        = 00000003   
PRINT_INT                 = 00000001   
PRINT_STRING              = 00000004   
READ_INT                  = 00000005   
READ_STRING               = 00000008   
area_string                 0000051C R  data 
block_area                  000000DC R  text 
block_make                  000000B8 R  text 
block_perimeter             00000100 R  text 
block_string                00000512 R  data 
block_vtb1                  0000053C R  data 
cd_height_bigger            000001B8 R  text 
char_b                      000004CC R  data 
char_c                      000004CB R  data 
circle_area                 00000144 R  text 
circle_diameter             000001A0 R  text 
circle_make                 00000120 R  text 
circle_perimeter            0000017C R  text 
circle_string               00000509 R  data 
circle_vtbl                 00000544 R  data 
comma_string                0000051A R  data 
do_block_stuff              00000340 R  text 
do_block_stuff_perim        00000398 R  text 
do_circle_stuff             00000330 R  text 
do_circle_stuff_perim       00000388 R  text 
done_output                 00000280 R  text 
fig_char                    000004C0 R  data 
fig_height                  000004BC R  data 
fig_width                   000004B8 R  data 
figure_make                 000000AC R  text 
figure_type_error_string    000004F4 R  data 
finish_stuff                00000350 R  text 
finish_stuff_perim          000003A8 R  text 
main                        00000000 RG text 
new_error                   000004CD R  data 
new_figure                  0000005C R  text 
new_figure_ok               0000008C R  text 
new_line                    00000537 R  data 
next                        00000000 R  data 
not_anything                00000270 R  text 
not_circle                  00000240 R  text 
output_figures              000001C0 R  text 
perimeter_string            00000528 R  data 
pool                        00000004 R  data 
pool_end                    000004B4 R  data 
print_rest                  000002AC R  text 
